0 info it worked if it ends with ok
1 verbose cli [ 'node',
1 verbose cli   '/Users/ehecatl/.meteor/packages/meteor-tool/.1.3.2_4.1f807nk++os.osx.x86_64+web.browser+web.cordova/mt-os.osx.x86_64/dev_bundle/bin/npm',
1 verbose cli   'install' ]
2 info using npm@2.14.22
3 info using node@v0.10.43
4 verbose readDependencies loading dependencies from /Users/ehecatl/Desarrollo/casserole/package.json
5 warn package.json casseroleEsc@1.0.0 No description
6 warn package.json casseroleEsc@1.0.0 No repository field.
7 verbose install where, deps [ '/Users/ehecatl/Desarrollo/casserole',
7 verbose install   [ 'jquery', 'moment', 'ng-file-upload', 'object-hash' ] ]
8 verbose install where, peers [ '/Users/ehecatl/Desarrollo/casserole', [] ]
9 verbose installManyTop reading for lifecycle /Users/ehecatl/Desarrollo/casserole/package.json
10 info preinstall casseroleEsc@1.0.0
11 verbose installManyTop reading scoped package data from /Users/ehecatl/Desarrollo/casserole/node_modules/jquery/package.json
12 verbose installManyTop reading scoped package data from /Users/ehecatl/Desarrollo/casserole/node_modules/moment/package.json
13 verbose installManyTop reading scoped package data from /Users/ehecatl/Desarrollo/casserole/node_modules/ng-file-input/package.json
14 verbose installManyTop reading scoped package data from /Users/ehecatl/Desarrollo/casserole/node_modules/ng-file-upload/package.json
15 verbose installManyTop reading scoped package data from /Users/ehecatl/Desarrollo/casserole/node_modules/object-hash/package.json
16 verbose readDependencies loading dependencies from /Users/ehecatl/Desarrollo/casserole/package.json
17 verbose targetResolver reading package data from /Users/ehecatl/Desarrollo/casserole/node_modules/jquery/package.json
18 verbose targetResolver reading package data from /Users/ehecatl/Desarrollo/casserole/node_modules/moment/package.json
19 verbose targetResolver reading package data from /Users/ehecatl/Desarrollo/casserole/node_modules/ng-file-input/package.json
20 verbose targetResolver reading package data from /Users/ehecatl/Desarrollo/casserole/node_modules/ng-file-upload/package.json
21 verbose targetResolver reading package data from /Users/ehecatl/Desarrollo/casserole/node_modules/object-hash/package.json
22 verbose already installed skipping jquery@^3.1.1 /Users/ehecatl/Desarrollo/casserole
23 verbose already installed skipping moment@^2.15.1 /Users/ehecatl/Desarrollo/casserole
24 verbose already installed skipping ng-file-upload@^12.2.12 /Users/ehecatl/Desarrollo/casserole
25 verbose already installed skipping object-hash@^1.1.4 /Users/ehecatl/Desarrollo/casserole
26 silly install resolved []
27 info build /Users/ehecatl/Desarrollo/casserole
28 info linkStuff casseroleEsc@1.0.0
29 silly linkStuff casseroleEsc@1.0.0 has /Users/ehecatl/Desarrollo as its parent node_modules
30 verbose linkBins casseroleEsc@1.0.0
31 verbose linkMans casseroleEsc@1.0.0
32 verbose rebuildBundles casseroleEsc@1.0.0
33 verbose rebuildBundles [ 'jquery',
33 verbose rebuildBundles   'moment',
33 verbose rebuildBundles   'ng-file-input',
33 verbose rebuildBundles   'ng-file-upload',
33 verbose rebuildBundles   'object-hash' ]
34 verbose rebuild bundle /Users/ehecatl/Desarrollo/casserole/node_modules/ng-file-input
35 info build /Users/ehecatl/Desarrollo/casserole/node_modules/ng-file-input
36 info preinstall ng-file-input@0.2.0
37 info linkStuff ng-file-input@0.2.0
38 silly linkStuff ng-file-input@0.2.0 has /Users/ehecatl/Desarrollo/casserole/node_modules as its parent node_modules
39 verbose linkBins ng-file-input@0.2.0
40 verbose linkMans ng-file-input@0.2.0
41 verbose rebuildBundles ng-file-input@0.2.0
42 verbose rebuildBundles [ '@angular', 'es6-shim', 'reflect-metadata', 'rxjs', 'zone.js' ]
43 verbose rebuild bundle /Users/ehecatl/Desarrollo/casserole/node_modules/ng-file-input/node_modules/zone.js
44 info build /Users/ehecatl/Desarrollo/casserole/node_modules/ng-file-input/node_modules/zone.js
45 info preinstall zone.js@0.6.25
46 info linkStuff zone.js@0.6.25
47 silly linkStuff zone.js@0.6.25 has /Users/ehecatl/Desarrollo/casserole/node_modules/ng-file-input/node_modules as its parent node_modules
48 verbose linkBins zone.js@0.6.25
49 verbose linkMans zone.js@0.6.25
50 verbose rebuildBundles zone.js@0.6.25
51 info install zone.js@0.6.25
52 info postinstall zone.js@0.6.25
53 info install ng-file-input@0.2.0
54 info postinstall ng-file-input@0.2.0
55 verbose unsafe-perm in lifecycle true
56 info install casseroleEsc@1.0.0
57 info postinstall casseroleEsc@1.0.0
58 info prepublish casseroleEsc@1.0.0
59 verbose validateInstall loading /Users/ehecatl/Desarrollo/casserole/package.json for validation
60 verbose stack Error: The package rxjs@5.0.0-rc.1 does not satisfy its siblings' peerDependencies requirements!
60 verbose stack     at /Users/ehecatl/.meteor/packages/meteor-tool/.1.3.2_4.1f807nk++os.osx.x86_64+web.browser+web.cordova/mt-os.osx.x86_64/dev_bundle/lib/node_modules/npm/lib/install.js:125:32
60 verbose stack     at /Users/ehecatl/.meteor/packages/meteor-tool/.1.3.2_4.1f807nk++os.osx.x86_64+web.browser+web.cordova/mt-os.osx.x86_64/dev_bundle/lib/node_modules/npm/lib/install.js:268:7
60 verbose stack     at /Users/ehecatl/.meteor/packages/meteor-tool/.1.3.2_4.1f807nk++os.osx.x86_64+web.browser+web.cordova/mt-os.osx.x86_64/dev_bundle/lib/node_modules/npm/node_modules/read-installed/read-installed.js:142:5
60 verbose stack     at /Users/ehecatl/.meteor/packages/meteor-tool/.1.3.2_4.1f807nk++os.osx.x86_64+web.browser+web.cordova/mt-os.osx.x86_64/dev_bundle/lib/node_modules/npm/node_modules/read-installed/read-installed.js:263:14
60 verbose stack     at cb (/Users/ehecatl/.meteor/packages/meteor-tool/.1.3.2_4.1f807nk++os.osx.x86_64+web.browser+web.cordova/mt-os.osx.x86_64/dev_bundle/lib/node_modules/npm/node_modules/slide/lib/async-map.js:47:24)
60 verbose stack     at /Users/ehecatl/.meteor/packages/meteor-tool/.1.3.2_4.1f807nk++os.osx.x86_64+web.browser+web.cordova/mt-os.osx.x86_64/dev_bundle/lib/node_modules/npm/node_modules/read-installed/read-installed.js:263:14
60 verbose stack     at cb (/Users/ehecatl/.meteor/packages/meteor-tool/.1.3.2_4.1f807nk++os.osx.x86_64+web.browser+web.cordova/mt-os.osx.x86_64/dev_bundle/lib/node_modules/npm/node_modules/slide/lib/async-map.js:47:24)
60 verbose stack     at /Users/ehecatl/.meteor/packages/meteor-tool/.1.3.2_4.1f807nk++os.osx.x86_64+web.browser+web.cordova/mt-os.osx.x86_64/dev_bundle/lib/node_modules/npm/node_modules/read-installed/read-installed.js:263:14
60 verbose stack     at cb (/Users/ehecatl/.meteor/packages/meteor-tool/.1.3.2_4.1f807nk++os.osx.x86_64+web.browser+web.cordova/mt-os.osx.x86_64/dev_bundle/lib/node_modules/npm/node_modules/slide/lib/async-map.js:47:24)
60 verbose stack     at /Users/ehecatl/.meteor/packages/meteor-tool/.1.3.2_4.1f807nk++os.osx.x86_64+web.browser+web.cordova/mt-os.osx.x86_64/dev_bundle/lib/node_modules/npm/node_modules/read-installed/read-installed.js:263:14
61 verbose cwd /Users/ehecatl/Desarrollo/casserole
62 error Darwin 16.1.0
63 error argv "node" "/Users/ehecatl/.meteor/packages/meteor-tool/.1.3.2_4.1f807nk++os.osx.x86_64+web.browser+web.cordova/mt-os.osx.x86_64/dev_bundle/bin/npm" "install"
64 error node v0.10.43
65 error npm  v2.14.22
66 error code EPEERINVALID
67 error peerinvalid The package rxjs@5.0.0-rc.1 does not satisfy its siblings' peerDependencies requirements!
67 error peerinvalid Peer @angular/core@2.1.0 wants rxjs@5.0.0-beta.12
68 verbose exit [ 1, true ]
